Using pre-set license
Built from '2021.1/staging' branch; Version is '2021.1.6f1 (c0fade0cc7e9) revision 12647134'; Using compiler version '192528614'; Build Type 'Release'
OS: 'Windows 10 Home Single Language; OS build 22000.832; Version 2009; 64bit' Language: 'en' Physical Memory: 7886 MB
BatchMode: 1, IsHumanControllingUs: 0, StartBugReporterOnCrash: 0, Is64bit: 1, IsPro: 0

 COMMAND LINE ARGUMENTS:
C:\Program Files\Unity 2021.1.6f1\Editor\Unity.exe
-adb2
-batchMode
-noUpm
-name
AssetImportWorker0
-projectPath
D:/Projects Drive Data/UNITY PROJECTS/Modern Mario
-logFile
Logs/AssetImportWorker0.log
-srvPort
54952
Successfully changed project path to: D:/Projects Drive Data/UNITY PROJECTS/Modern Mario
D:/Projects Drive Data/UNITY PROJECTS/Modern Mario
Using Asset Import Pipeline V2.
Refreshing native plugins compatible for Editor in 140.87 ms, found 2 plugins.
Preloading 0 native plugins for Editor in 0.00 ms.
Initialize engine version: 2021.1.6f1 (c0fade0cc7e9)
[Subsystems] Discovering subsystems at path C:/Program Files/Unity 2021.1.6f1/Editor/Data/Resources/UnitySubsystems
[Subsystems] Discovering subsystems at path D:/Projects Drive Data/UNITY PROJECTS/Modern Mario/Assets
GfxDevice: creating device client; threaded=0; jobified=0
Direct3D:
    Version:  Direct3D 11.0 [level 11.1]
    Renderer: Intel(R) Iris(R) Xe Graphics (ID=0x9a49)
    Vendor:   Intel
    VRAM:     3943 MB
    Driver:   31.0.101.3222
Initialize mono
Mono path[0] = 'C:/Program Files/Unity 2021.1.6f1/Editor/Data/Managed'
Mono path[1] = 'C:/Program Files/Unity 2021.1.6f1/Editor/Data/MonoBleedingEdge/lib/mono/unityjit'
Mono config path = 'C:/Program Files/Unity 2021.1.6f1/Editor/Data/MonoBleedingEdge/etc'
Using monoOptions --debugger-agent=transport=dt_socket,embedding=1,server=y,suspend=n,address=127.0.0.1:56128
Begin MonoManager ReloadAssembly
Registering precompiled unity dll's ...
Register platform support module: C:/Program Files/Unity 2021.1.6f1/Editor/Data/PlaybackEngines/WindowsStandaloneSupport/UnityEditor.WindowsStandalone.Extensions.dll
Registered in 0.003093 seconds.
Native extension for WindowsStandalone target not found
Refreshing native plugins compatible for Editor in 110.28 ms, found 2 plugins.
Preloading 0 native plugins for Editor in 0.00 ms.
Mono: successfully reloaded assembly
- Completed reload, in  2.459 seconds
Platform modules already initialized, skipping
Registering precompiled user dll's ...
Registered in 0.010304 seconds.
Begin MonoManager ReloadAssembly
Native extension for WindowsStandalone target not found
Refreshing native plugins compatible for Editor in 107.67 ms, found 2 plugins.
Preloading 0 native plugins for Editor in 0.00 ms.
Mono: successfully reloaded assembly
- Completed reload, in  1.081 seconds
Platform modules already initialized, skipping
========================================================================
Worker process is ready to serve import requests
Launched and connected shader compiler UnityShaderCompiler.exe after 0.06 seconds
Refreshing native plugins compatible for Editor in 1.04 ms, found 2 plugins.
Preloading 0 native plugins for Editor in 0.00 ms.
Unloading 3584 Unused Serialized files (Serialized files now loaded: 0)
System memory in use before: 137.0 MB.
System memory in use after: 137.1 MB.

Unloading 30 unused Assets to reduce memory usage. Loaded Objects now: 4036.
Total: 6.908000 ms (FindLiveObjects: 0.271700 ms CreateObjectMapping: 0.112900 ms MarkObjects: 5.685700 ms  DeleteObjects: 0.836100 ms)

========================================================================
Received Import Request.
  path: Assets/Asset Packs/BayatGames/Free Platform Game Assets/Enemies/New Enemy ( Update 1.9 )/8x
  artifactKey: Guid(a4c6b25f9a198494dbb9d30ec5131fc1) Importer(815301076,1909f56bfc062723c751e8b465ee728b)
Start importing Assets/Asset Packs/BayatGames/Free Platform Game Assets/Enemies/New Enemy ( Update 1.9 )/8x using Guid(a4c6b25f9a198494dbb9d30ec5131fc1) Importer(815301076,1909f56bfc062723c751e8b465ee728b)  -> (artifact id: '3556ba187920d82658c32312281c816b') in 0.015566 seconds 
========================================================================
Received Import Request.
  Time since last request: 0.000642 seconds.
  path: Assets/Asset Packs/BayatGames/Free Platform Game Assets/Enemies/New Enemy ( Update 1.9 )
  artifactKey: Guid(5882e0dd6c9584d47a804176cfbda40c) Importer(815301076,1909f56bfc062723c751e8b465ee728b)
Start importing Assets/Asset Packs/BayatGames/Free Platform Game Assets/Enemies/New Enemy ( Update 1.9 ) using Guid(5882e0dd6c9584d47a804176cfbda40c) Importer(815301076,1909f56bfc062723c751e8b465ee728b)  -> (artifact id: '3963e46e52148d466fb2910c798d2185') in 0.007567 seconds 
========================================================================
Received Import Request.
  Time since last request: 9.328379 seconds.
  path: Assets/Asset Packs/BayatGames/Free Platform Game Assets/Enemies/New Enemy ( Update 1.9 )/4x
  artifactKey: Guid(892cac9176178dc41a4f35592ea66f97) Importer(815301076,1909f56bfc062723c751e8b465ee728b)
Start importing Assets/Asset Packs/BayatGames/Free Platform Game Assets/Enemies/New Enemy ( Update 1.9 )/4x using Guid(892cac9176178dc41a4f35592ea66f97) Importer(815301076,1909f56bfc062723c751e8b465ee728b)  -> (artifact id: '9f2272e1de3b9f7122eed642351d7833') in 0.017239 seconds 
========================================================================
Received Import Request.
  Time since last request: 4.714972 seconds.
  path: Assets/Asset Packs/BayatGames/Free Platform Game Assets/Enemies/New Enemy ( Update 1.9 )/4x/2D Mac View
  artifactKey: Guid(96ded0f274f91e543bb31b4691af3dab) Importer(815301076,1909f56bfc062723c751e8b465ee728b)
Start importing Assets/Asset Packs/BayatGames/Free Platform Game Assets/Enemies/New Enemy ( Update 1.9 )/4x/2D Mac View using Guid(96ded0f274f91e543bb31b4691af3dab) Importer(815301076,1909f56bfc062723c751e8b465ee728b)  -> (artifact id: 'a3a7e3efb68c9933c8efe9ef6aced81f') in 0.014381 seconds 
========================================================================
Received Prepare
Registering precompiled user dll's ...
Registered in 0.002326 seconds.
Begin MonoManager ReloadAssembly
Native extension for WindowsStandalone target not found
Refreshing native plugins compatible for Editor in 1.48 ms, found 2 plugins.
Preloading 0 native plugins for Editor in 0.00 ms.
Mono: successfully reloaded assembly
- Completed reload, in  0.827 seconds
Platform modules already initialized, skipping
Switching build target platform(19) subTarget(0) extendedPlatform(0) -> platform(13) subTarget(537395200) extendedPlatform(0)
Refreshing native plugins compatible for Editor in 1.01 ms, found 2 plugins.
Preloading 0 native plugins for Editor in 0.00 ms.
Unloading 3567 Unused Serialized files (Serialized files now loaded: 0)
System memory in use before: 135.5 MB.
System memory in use after: 135.6 MB.

Unloading 18 unused Assets to reduce memory usage. Loaded Objects now: 4040.
Total: 2.894600 ms (FindLiveObjects: 0.320700 ms CreateObjectMapping: 0.179800 ms MarkObjects: 2.231000 ms  DeleteObjects: 0.161600 ms)

AssetImportParameters requested are different than current active one (requested -> active):
  custom:graphics/normal-map-encoding: 01000000000000000000000000000000 -> 02000000000000000000000000000000
========================================================================
Received Prepare
Registering precompiled user dll's ...
Registered in 0.007008 seconds.
Begin MonoManager ReloadAssembly
Native extension for WindowsStandalone target not found
Refreshing native plugins compatible for Editor in 1.62 ms, found 2 plugins.
Preloading 0 native plugins for Editor in 0.00 ms.
Mono: successfully reloaded assembly
- Completed reload, in  1.680 seconds
Platform modules already initialized, skipping
Switching build target platform(19) subTarget(0) extendedPlatform(0) -> platform(13) subTarget(537395200) extendedPlatform(0)
Refreshing native plugins compatible for Editor in 2.13 ms, found 2 plugins.
Preloading 0 native plugins for Editor in 0.00 ms.
Unloading 3567 Unused Serialized files (Serialized files now loaded: 0)
System memory in use before: 135.6 MB.
System memory in use after: 135.7 MB.

Unloading 18 unused Assets to reduce memory usage. Loaded Objects now: 4044.
Total: 3.203800 ms (FindLiveObjects: 0.282700 ms CreateObjectMapping: 0.135100 ms MarkObjects: 2.635800 ms  DeleteObjects: 0.149000 ms)

AssetImportParameters requested are different than current active one (requested -> active):
  custom:graphics/normal-map-encoding: 01000000000000000000000000000000 -> 02000000000000000000000000000000
========================================================================
Received Prepare
Registering precompiled user dll's ...
Registered in 0.002793 seconds.
Begin MonoManager ReloadAssembly
Native extension for WindowsStandalone target not found
Refreshing native plugins compatible for Editor in 0.88 ms, found 2 plugins.
Preloading 0 native plugins for Editor in 0.00 ms.
Mono: successfully reloaded assembly
- Completed reload, in  1.261 seconds
Platform modules already initialized, skipping
Switching build target platform(19) subTarget(0) extendedPlatform(0) -> platform(13) subTarget(537395200) extendedPlatform(0)
Refreshing native plugins compatible for Editor in 1.07 ms, found 2 plugins.
Preloading 0 native plugins for Editor in 0.00 ms.
Unloading 3567 Unused Serialized files (Serialized files now loaded: 0)
System memory in use before: 135.6 MB.
System memory in use after: 135.7 MB.

Unloading 18 unused Assets to reduce memory usage. Loaded Objects now: 4048.
Total: 2.857200 ms (FindLiveObjects: 0.304000 ms CreateObjectMapping: 0.110300 ms MarkObjects: 2.270500 ms  DeleteObjects: 0.171200 ms)

AssetImportParameters requested are different than current active one (requested -> active):
  custom:graphics/normal-map-encoding: 01000000000000000000000000000000 -> 02000000000000000000000000000000
========================================================================
Received Prepare
Registering precompiled user dll's ...
Registered in 0.006024 seconds.
Begin MonoManager ReloadAssembly
Native extension for WindowsStandalone target not found
Refreshing native plugins compatible for Editor in 1.41 ms, found 2 plugins.
Preloading 0 native plugins for Editor in 0.00 ms.
Mono: successfully reloaded assembly
- Completed reload, in  1.007 seconds
Platform modules already initialized, skipping
Switching build target platform(19) subTarget(0) extendedPlatform(0) -> platform(13) subTarget(537395200) extendedPlatform(0)
Refreshing native plugins compatible for Editor in 1.44 ms, found 2 plugins.
Preloading 0 native plugins for Editor in 0.00 ms.
Unloading 3567 Unused Serialized files (Serialized files now loaded: 0)
System memory in use before: 135.6 MB.
System memory in use after: 135.7 MB.

Unloading 18 unused Assets to reduce memory usage. Loaded Objects now: 4052.
Total: 3.030200 ms (FindLiveObjects: 0.281300 ms CreateObjectMapping: 0.132300 ms MarkObjects: 2.481400 ms  DeleteObjects: 0.133600 ms)

AssetImportParameters requested are different than current active one (requested -> active):
  custom:graphics/normal-map-encoding: 01000000000000000000000000000000 -> 02000000000000000000000000000000
========================================================================
Received Prepare
Registering precompiled user dll's ...
Registered in 0.002722 seconds.
Begin MonoManager ReloadAssembly
Native extension for WindowsStandalone target not found
Refreshing native plugins compatible for Editor in 0.96 ms, found 2 plugins.
Preloading 0 native plugins for Editor in 0.00 ms.
Mono: successfully reloaded assembly
- Completed reload, in  1.017 seconds
Platform modules already initialized, skipping
Switching build target platform(19) subTarget(0) extendedPlatform(0) -> platform(13) subTarget(537395200) extendedPlatform(0)
Refreshing native plugins compatible for Editor in 0.91 ms, found 2 plugins.
Preloading 0 native plugins for Editor in 0.00 ms.
Unloading 3567 Unused Serialized files (Serialized files now loaded: 0)
System memory in use before: 135.6 MB.
System memory in use after: 135.7 MB.

Unloading 18 unused Assets to reduce memory usage. Loaded Objects now: 4056.
Total: 2.893100 ms (FindLiveObjects: 0.256200 ms CreateObjectMapping: 0.106900 ms MarkObjects: 2.397800 ms  DeleteObjects: 0.131000 ms)

AssetImportParameters requested are different than current active one (requested -> active):
  custom:graphics/normal-map-encoding: 01000000000000000000000000000000 -> 02000000000000000000000000000000
========================================================================
Received Prepare
Registering precompiled user dll's ...
Registered in 0.002566 seconds.
Begin MonoManager ReloadAssembly
Native extension for WindowsStandalone target not found
Refreshing native plugins compatible for Editor in 0.96 ms, found 2 plugins.
Preloading 0 native plugins for Editor in 0.00 ms.
Mono: successfully reloaded assembly
- Completed reload, in  1.026 seconds
Platform modules already initialized, skipping
Switching build target platform(19) subTarget(0) extendedPlatform(0) -> platform(13) subTarget(537395200) extendedPlatform(0)
Refreshing native plugins compatible for Editor in 1.08 ms, found 2 plugins.
Preloading 0 native plugins for Editor in 0.00 ms.
Unloading 3567 Unused Serialized files (Serialized files now loaded: 0)
System memory in use before: 135.6 MB.
System memory in use after: 135.8 MB.

Unloading 18 unused Assets to reduce memory usage. Loaded Objects now: 4060.
Total: 3.376800 ms (FindLiveObjects: 0.580200 ms CreateObjectMapping: 0.270700 ms MarkObjects: 2.372100 ms  DeleteObjects: 0.151900 ms)

AssetImportParameters requested are different than current active one (requested -> active):
  custom:graphics/normal-map-encoding: 01000000000000000000000000000000 -> 02000000000000000000000000000000
========================================================================
Received Import Request.
  Time since last request: 1721.640553 seconds.
  path: Assets/Animations/ExtraAnimations/Platform.anim
  artifactKey: Guid(4965507c441afcc45a8c9d8aad92af1c) Importer(815301076,1909f56bfc062723c751e8b465ee728b)
Start importing Assets/Animations/ExtraAnimations/Platform.anim using Guid(4965507c441afcc45a8c9d8aad92af1c) Importer(815301076,1909f56bfc062723c751e8b465ee728b)  -> (artifact id: 'b719c596f3387ecfc50f7fb1e6cd8f69') in 0.064416 seconds 
========================================================================
Received Prepare
Registering precompiled user dll's ...
Registered in 0.006807 seconds.
Begin MonoManager ReloadAssembly
Native extension for WindowsStandalone target not found
Refreshing native plugins compatible for Editor in 2.01 ms, found 2 plugins.
Preloading 0 native plugins for Editor in 0.00 ms.
Mono: successfully reloaded assembly
- Completed reload, in  2.807 seconds
Platform modules already initialized, skipping
Switching build target platform(19) subTarget(0) extendedPlatform(0) -> platform(13) subTarget(537395200) extendedPlatform(0)
Refreshing native plugins compatible for Editor in 0.94 ms, found 2 plugins.
Preloading 0 native plugins for Editor in 0.00 ms.
Unloading 3567 Unused Serialized files (Serialized files now loaded: 0)
System memory in use before: 135.7 MB.
System memory in use after: 135.8 MB.

Unloading 18 unused Assets to reduce memory usage. Loaded Objects now: 4064.
Total: 3.425700 ms (FindLiveObjects: 0.299600 ms CreateObjectMapping: 0.142500 ms MarkObjects: 2.843400 ms  DeleteObjects: 0.139100 ms)

AssetImportParameters requested are different than current active one (requested -> active):
  custom:graphics/normal-map-encoding: 01000000000000000000000000000000 -> 02000000000000000000000000000000
========================================================================
Received Prepare
Registering precompiled user dll's ...
Registered in 0.002590 seconds.
Begin MonoManager ReloadAssembly
Native extension for WindowsStandalone target not found
Refreshing native plugins compatible for Editor in 0.95 ms, found 2 plugins.
Preloading 0 native plugins for Editor in 0.00 ms.
Mono: successfully reloaded assembly
- Completed reload, in  1.224 seconds
Platform modules already initialized, skipping
Switching build target platform(19) subTarget(0) extendedPlatform(0) -> platform(13) subTarget(537395200) extendedPlatform(0)
Refreshing native plugins compatible for Editor in 1.40 ms, found 2 plugins.
Preloading 0 native plugins for Editor in 0.00 ms.
Unloading 3567 Unused Serialized files (Serialized files now loaded: 0)
System memory in use before: 135.7 MB.
System memory in use after: 135.8 MB.

Unloading 18 unused Assets to reduce memory usage. Loaded Objects now: 4068.
Total: 3.001600 ms (FindLiveObjects: 0.313300 ms CreateObjectMapping: 0.170700 ms MarkObjects: 2.381100 ms  DeleteObjects: 0.135200 ms)

AssetImportParameters requested are different than current active one (requested -> active):
  custom:graphics/normal-map-encoding: 01000000000000000000000000000000 -> 02000000000000000000000000000000
========================================================================
Received Import Request.
  Time since last request: 824.873613 seconds.
  path: Assets/Animations/ExtraAnimations/Controllers/Rock Head Controller.controller
  artifactKey: Guid(270d0dfdfa6eb1640bc7bb6859c2cd36) Importer(815301076,1909f56bfc062723c751e8b465ee728b)
Start importing Assets/Animations/ExtraAnimations/Controllers/Rock Head Controller.controller using Guid(270d0dfdfa6eb1640bc7bb6859c2cd36) Importer(815301076,1909f56bfc062723c751e8b465ee728b)  -> (artifact id: 'cffe2d51aec2981dbe5926e0eeaad9dc') in 0.043370 seconds 
========================================================================
Received Import Request.
  Time since last request: 911.754290 seconds.
  path: Assets/Asset Packs/BayatGames/Free Platform Game Assets/Enemies/New Enemy ( Update 1.9 )/8x/Chain-2.png
  artifactKey: Guid(90bed42d07262c343893f98710ccfea3) Importer(815301076,1909f56bfc062723c751e8b465ee728b)
Start importing Assets/Asset Packs/BayatGames/Free Platform Game Assets/Enemies/New Enemy ( Update 1.9 )/8x/Chain-2.png using Guid(90bed42d07262c343893f98710ccfea3) Importer(815301076,1909f56bfc062723c751e8b465ee728b)  -> (artifact id: '0ab777ea6ed1d651704c0e20b1a97689') in 0.131375 seconds 
========================================================================
Received Import Request.
  Time since last request: 0.000347 seconds.
  path: Assets/Asset Packs/BayatGames/Free Platform Game Assets/Enemies/New Enemy ( Update 1.9 )/8x/Circle.png
  artifactKey: Guid(1a665d63a39c8324da96957bf11f5e48) Importer(815301076,1909f56bfc062723c751e8b465ee728b)
Start importing Assets/Asset Packs/BayatGames/Free Platform Game Assets/Enemies/New Enemy ( Update 1.9 )/8x/Circle.png using Guid(1a665d63a39c8324da96957bf11f5e48) Importer(815301076,1909f56bfc062723c751e8b465ee728b)  -> (artifact id: 'd10f6aa7c01f4a22246c719dfdb178bb') in 0.030626 seconds 
========================================================================
Received Import Request.
  Time since last request: 0.000360 seconds.
  path: Assets/Asset Packs/BayatGames/Free Platform Game Assets/Enemies/New Enemy ( Update 1.9 )/8x/Square.png
  artifactKey: Guid(a0325b0374e9ebc458051a5756fdef31) Importer(815301076,1909f56bfc062723c751e8b465ee728b)
Start importing Assets/Asset Packs/BayatGames/Free Platform Game Assets/Enemies/New Enemy ( Update 1.9 )/8x/Square.png using Guid(a0325b0374e9ebc458051a5756fdef31) Importer(815301076,1909f56bfc062723c751e8b465ee728b)  -> (artifact id: '96fdfd4acedf129a9a439c12f92d9c2e') in 0.025641 seconds 
========================================================================
Received Import Request.
  Time since last request: 0.000440 seconds.
  path: Assets/Asset Packs/BayatGames/Free Platform Game Assets/Enemies/New Enemy ( Update 1.9 )/8x/Mace-Chain.png
  artifactKey: Guid(eacfb4eb999a5754cb662c1c764387d3) Importer(815301076,1909f56bfc062723c751e8b465ee728b)
Start importing Assets/Asset Packs/BayatGames/Free Platform Game Assets/Enemies/New Enemy ( Update 1.9 )/8x/Mace-Chain.png using Guid(eacfb4eb999a5754cb662c1c764387d3) Importer(815301076,1909f56bfc062723c751e8b465ee728b)  -> (artifact id: 'f383718fe6b6582a203f1677b071949c') in 0.028620 seconds 
========================================================================
Received Import Request.
  Time since last request: 0.000369 seconds.
  path: Assets/Asset Packs/BayatGames/Free Platform Game Assets/Enemies/New Enemy ( Update 1.9 )/8x/Chain-1.png
  artifactKey: Guid(32d015e157dd8bb4a8c4755343c0d37b) Importer(815301076,1909f56bfc062723c751e8b465ee728b)
Start importing Assets/Asset Packs/BayatGames/Free Platform Game Assets/Enemies/New Enemy ( Update 1.9 )/8x/Chain-1.png using Guid(32d015e157dd8bb4a8c4755343c0d37b) Importer(815301076,1909f56bfc062723c751e8b465ee728b)  -> (artifact id: '5c4dbcf83173165c12ac05435a3cf940') in 0.022168 seconds 
========================================================================
Received Import Request.
  Time since last request: 0.000493 seconds.
  path: Assets/Asset Packs/BayatGames/Free Platform Game Assets/Enemies/New Enemy ( Update 1.9 )/8x/Chain-3.png
  artifactKey: Guid(52b14921307165146bdfebb9c31cbdde) Importer(815301076,1909f56bfc062723c751e8b465ee728b)
Start importing Assets/Asset Packs/BayatGames/Free Platform Game Assets/Enemies/New Enemy ( Update 1.9 )/8x/Chain-3.png using Guid(52b14921307165146bdfebb9c31cbdde) Importer(815301076,1909f56bfc062723c751e8b465ee728b)  -> (artifact id: '213b9b960124bc81b8c97db7bacfce86') in 0.020067 seconds 
========================================================================
Received Import Request.
  Time since last request: 0.000409 seconds.
  path: Assets/Asset Packs/BayatGames/Free Platform Game Assets/Enemies/New Enemy ( Update 1.9 )/8x/Mace.png
  artifactKey: Guid(fc97ccf59fb092546ba0bebe3e9e0142) Importer(815301076,1909f56bfc062723c751e8b465ee728b)
Start importing Assets/Asset Packs/BayatGames/Free Platform Game Assets/Enemies/New Enemy ( Update 1.9 )/8x/Mace.png using Guid(fc97ccf59fb092546ba0bebe3e9e0142) Importer(815301076,1909f56bfc062723c751e8b465ee728b)  -> (artifact id: '5f9fbf0e62642b49c8817f32b95d343a') in 0.029843 seconds 
========================================================================
Received Import Request.
  Time since last request: 17.883665 seconds.
  path: Assets/Asset Packs/BayatGames/Free Platform Game Assets/Enemies/New Enemy ( Update 1.9 )/8x/Chain-2.png
  artifactKey: Guid(90bed42d07262c343893f98710ccfea3) Importer(815301076,1909f56bfc062723c751e8b465ee728b)
Start importing Assets/Asset Packs/BayatGames/Free Platform Game Assets/Enemies/New Enemy ( Update 1.9 )/8x/Chain-2.png using Guid(90bed42d07262c343893f98710ccfea3) Importer(815301076,1909f56bfc062723c751e8b465ee728b)  -> (artifact id: '03abf3da4e42014cdd606daa956c323d') in 0.015243 seconds 
========================================================================
Received Import Request.
  Time since last request: 0.000887 seconds.
  path: Assets/Asset Packs/BayatGames/Free Platform Game Assets/Enemies/New Enemy ( Update 1.9 )/8x/Chain-1.png
  artifactKey: Guid(32d015e157dd8bb4a8c4755343c0d37b) Importer(815301076,1909f56bfc062723c751e8b465ee728b)
Start importing Assets/Asset Packs/BayatGames/Free Platform Game Assets/Enemies/New Enemy ( Update 1.9 )/8x/Chain-1.png using Guid(32d015e157dd8bb4a8c4755343c0d37b) Importer(815301076,1909f56bfc062723c751e8b465ee728b)  -> (artifact id: 'fbeb0c74fce5b7808b28afa6d63a681f') in 0.014935 seconds 
========================================================================
Received Import Request.
  Time since last request: 0.000326 seconds.
  path: Assets/Asset Packs/BayatGames/Free Platform Game Assets/Enemies/New Enemy ( Update 1.9 )/8x/Circle.png
  artifactKey: Guid(1a665d63a39c8324da96957bf11f5e48) Importer(815301076,1909f56bfc062723c751e8b465ee728b)
Start importing Assets/Asset Packs/BayatGames/Free Platform Game Assets/Enemies/New Enemy ( Update 1.9 )/8x/Circle.png using Guid(1a665d63a39c8324da96957bf11f5e48) Importer(815301076,1909f56bfc062723c751e8b465ee728b)  -> (artifact id: '015cb733ed296e933589db60a64249e1') in 0.028733 seconds 
========================================================================
Received Import Request.
  Time since last request: 0.000355 seconds.
  path: Assets/Asset Packs/BayatGames/Free Platform Game Assets/Enemies/New Enemy ( Update 1.9 )/8x/Square.png
  artifactKey: Guid(a0325b0374e9ebc458051a5756fdef31) Importer(815301076,1909f56bfc062723c751e8b465ee728b)
Start importing Assets/Asset Packs/BayatGames/Free Platform Game Assets/Enemies/New Enemy ( Update 1.9 )/8x/Square.png using Guid(a0325b0374e9ebc458051a5756fdef31) Importer(815301076,1909f56bfc062723c751e8b465ee728b)  -> (artifact id: '208f44271547f0b1cd23332978f69409') in 0.028366 seconds 
========================================================================
Received Import Request.
  Time since last request: 0.000383 seconds.
  path: Assets/Asset Packs/BayatGames/Free Platform Game Assets/Enemies/New Enemy ( Update 1.9 )/8x/Mace-Chain.png
  artifactKey: Guid(eacfb4eb999a5754cb662c1c764387d3) Importer(815301076,1909f56bfc062723c751e8b465ee728b)
Start importing Assets/Asset Packs/BayatGames/Free Platform Game Assets/Enemies/New Enemy ( Update 1.9 )/8x/Mace-Chain.png using Guid(eacfb4eb999a5754cb662c1c764387d3) Importer(815301076,1909f56bfc062723c751e8b465ee728b)  -> (artifact id: '4aaff7c3a1b5b6885a4d123d11b51a98') in 0.029797 seconds 
========================================================================
Received Import Request.
  Time since last request: 0.000334 seconds.
  path: Assets/Asset Packs/BayatGames/Free Platform Game Assets/Enemies/New Enemy ( Update 1.9 )/8x/Chain-3.png
  artifactKey: Guid(52b14921307165146bdfebb9c31cbdde) Importer(815301076,1909f56bfc062723c751e8b465ee728b)
Start importing Assets/Asset Packs/BayatGames/Free Platform Game Assets/Enemies/New Enemy ( Update 1.9 )/8x/Chain-3.png using Guid(52b14921307165146bdfebb9c31cbdde) Importer(815301076,1909f56bfc062723c751e8b465ee728b)  -> (artifact id: 'b3fd70f6f94ceba3850a2dc3e2c4c176') in 0.021801 seconds 
========================================================================
Received Import Request.
  Time since last request: 0.000401 seconds.
  path: Assets/Asset Packs/BayatGames/Free Platform Game Assets/Enemies/New Enemy ( Update 1.9 )/8x/Mace.png
  artifactKey: Guid(fc97ccf59fb092546ba0bebe3e9e0142) Importer(815301076,1909f56bfc062723c751e8b465ee728b)
Start importing Assets/Asset Packs/BayatGames/Free Platform Game Assets/Enemies/New Enemy ( Update 1.9 )/8x/Mace.png using Guid(fc97ccf59fb092546ba0bebe3e9e0142) Importer(815301076,1909f56bfc062723c751e8b465ee728b)  -> (artifact id: '176bca700ab2888cbf2bad02bba2528c') in 0.028134 seconds 
========================================================================
Received Import Request.
  Time since last request: 8.999018 seconds.
  path: Assets/Asset Packs/BayatGames/Free Platform Game Assets/Enemies/New Enemy ( Update 1.9 )/8x/Chain-2.png
  artifactKey: Guid(90bed42d07262c343893f98710ccfea3) Importer(815301076,1909f56bfc062723c751e8b465ee728b)
Start importing Assets/Asset Packs/BayatGames/Free Platform Game Assets/Enemies/New Enemy ( Update 1.9 )/8x/Chain-2.png using Guid(90bed42d07262c343893f98710ccfea3) Importer(815301076,1909f56bfc062723c751e8b465ee728b)  -> (artifact id: '0649db22ec71b69b82ea06f422583518') in 0.012259 seconds 
========================================================================
Received Import Request.
  Time since last request: 0.000286 seconds.
  path: Assets/Asset Packs/BayatGames/Free Platform Game Assets/Enemies/New Enemy ( Update 1.9 )/8x/Circle.png
  artifactKey: Guid(1a665d63a39c8324da96957bf11f5e48) Importer(815301076,1909f56bfc062723c751e8b465ee728b)
Start importing Assets/Asset Packs/BayatGames/Free Platform Game Assets/Enemies/New Enemy ( Update 1.9 )/8x/Circle.png using Guid(1a665d63a39c8324da96957bf11f5e48) Importer(815301076,1909f56bfc062723c751e8b465ee728b)  -> (artifact id: 'b0128b47d6f2de1b2cf475b380d25252') in 0.022977 seconds 
========================================================================
Received Import Request.
  Time since last request: 0.000458 seconds.
  path: Assets/Asset Packs/BayatGames/Free Platform Game Assets/Enemies/New Enemy ( Update 1.9 )/8x/Square.png
  artifactKey: Guid(a0325b0374e9ebc458051a5756fdef31) Importer(815301076,1909f56bfc062723c751e8b465ee728b)
Start importing Assets/Asset Packs/BayatGames/Free Platform Game Assets/Enemies/New Enemy ( Update 1.9 )/8x/Square.png using Guid(a0325b0374e9ebc458051a5756fdef31) Importer(815301076,1909f56bfc062723c751e8b465ee728b)  -> (artifact id: '04a0a50460a818228432220ee64c16e9') in 0.022049 seconds 
========================================================================
Received Import Request.
  Time since last request: 0.000507 seconds.
  path: Assets/Asset Packs/BayatGames/Free Platform Game Assets/Enemies/New Enemy ( Update 1.9 )/8x/Mace-Chain.png
  artifactKey: Guid(eacfb4eb999a5754cb662c1c764387d3) Importer(815301076,1909f56bfc062723c751e8b465ee728b)
Start importing Assets/Asset Packs/BayatGames/Free Platform Game Assets/Enemies/New Enemy ( Update 1.9 )/8x/Mace-Chain.png using Guid(eacfb4eb999a5754cb662c1c764387d3) Importer(815301076,1909f56bfc062723c751e8b465ee728b)  -> (artifact id: '9401e20067d27939c44cc45571b6b27b') in 0.028646 seconds 
========================================================================
Received Import Request.
  Time since last request: 0.000360 seconds.
  path: Assets/Asset Packs/BayatGames/Free Platform Game Assets/Enemies/New Enemy ( Update 1.9 )/8x/Chain-1.png
  artifactKey: Guid(32d015e157dd8bb4a8c4755343c0d37b) Importer(815301076,1909f56bfc062723c751e8b465ee728b)
Start importing Assets/Asset Packs/BayatGames/Free Platform Game Assets/Enemies/New Enemy ( Update 1.9 )/8x/Chain-1.png using Guid(32d015e157dd8bb4a8c4755343c0d37b) Importer(815301076,1909f56bfc062723c751e8b465ee728b)  -> (artifact id: '588604bf1452365a6b6ae079c3c6a607') in 0.009913 seconds 
========================================================================
Received Import Request.
  Time since last request: 0.000333 seconds.
  path: Assets/Asset Packs/BayatGames/Free Platform Game Assets/Enemies/New Enemy ( Update 1.9 )/8x/Chain-3.png
  artifactKey: Guid(52b14921307165146bdfebb9c31cbdde) Importer(815301076,1909f56bfc062723c751e8b465ee728b)
Start importing Assets/Asset Packs/BayatGames/Free Platform Game Assets/Enemies/New Enemy ( Update 1.9 )/8x/Chain-3.png using Guid(52b14921307165146bdfebb9c31cbdde) Importer(815301076,1909f56bfc062723c751e8b465ee728b)  -> (artifact id: '04ff0c35bb13c98a6fcb09c40b277d78') in 0.027136 seconds 
========================================================================
Received Import Request.
  Time since last request: 0.000392 seconds.
  path: Assets/Asset Packs/BayatGames/Free Platform Game Assets/Enemies/New Enemy ( Update 1.9 )/8x/Mace.png
  artifactKey: Guid(fc97ccf59fb092546ba0bebe3e9e0142) Importer(815301076,1909f56bfc062723c751e8b465ee728b)
Start importing Assets/Asset Packs/BayatGames/Free Platform Game Assets/Enemies/New Enemy ( Update 1.9 )/8x/Mace.png using Guid(fc97ccf59fb092546ba0bebe3e9e0142) Importer(815301076,1909f56bfc062723c751e8b465ee728b)  -> (artifact id: '0ade1db401c27074792a2c1621ba7778') in 0.025799 seconds 
========================================================================
Received Import Request.
  Time since last request: 430.655942 seconds.
  path: Assets/Animations/ExtraAnimations/Controllers/ChainSawController.controller
  artifactKey: Guid(0b1e745d479c6094da54e2838db1d97a) Importer(815301076,1909f56bfc062723c751e8b465ee728b)
Start importing Assets/Animations/ExtraAnimations/Controllers/ChainSawController.controller using Guid(0b1e745d479c6094da54e2838db1d97a) Importer(815301076,1909f56bfc062723c751e8b465ee728b)  -> (artifact id: '89d2c59d31d96f59818a03188fb19f34') in 0.020934 seconds 
========================================================================
Received Import Request.
  Time since last request: 3.359303 seconds.
  path: Assets/Animations/ExtraAnimations/ChainSawAnimation.anim
  artifactKey: Guid(c51c5a84a032ef246a2e0b38e667f159) Importer(815301076,1909f56bfc062723c751e8b465ee728b)
Start importing Assets/Animations/ExtraAnimations/ChainSawAnimation.anim using Guid(c51c5a84a032ef246a2e0b38e667f159) Importer(815301076,1909f56bfc062723c751e8b465ee728b)  -> (artifact id: '260a619ac4a5f6759579b9dfa1a5c224') in 0.016744 seconds 
========================================================================
Received Prepare
Registering precompiled user dll's ...
Registered in 0.002061 seconds.
Begin MonoManager ReloadAssembly
Native extension for WindowsStandalone target not found
Refreshing native plugins compatible for Editor in 1.00 ms, found 2 plugins.
Preloading 0 native plugins for Editor in 0.00 ms.
Mono: successfully reloaded assembly
- Completed reload, in  0.891 seconds
Platform modules already initialized, skipping
Switching build target platform(19) subTarget(0) extendedPlatform(0) -> platform(13) subTarget(537395200) extendedPlatform(0)
Refreshing native plugins compatible for Editor in 1.06 ms, found 2 plugins.
Preloading 0 native plugins for Editor in 0.00 ms.
Unloading 3574 Unused Serialized files (Serialized files now loaded: 0)
System memory in use before: 150.4 MB.
System memory in use after: 150.5 MB.

Unloading 18 unused Assets to reduce memory usage. Loaded Objects now: 4389.
Total: 2.838700 ms (FindLiveObjects: 0.376800 ms CreateObjectMapping: 0.152700 ms MarkObjects: 2.179900 ms  DeleteObjects: 0.127900 ms)

AssetImportParameters requested are different than current active one (requested -> active):
  custom:graphics/normal-map-encoding: 01000000000000000000000000000000 -> 02000000000000000000000000000000
========================================================================
Received Prepare
Registering precompiled user dll's ...
Registered in 0.002100 seconds.
Begin MonoManager ReloadAssembly
Native extension for WindowsStandalone target not found
Refreshing native plugins compatible for Editor in 0.90 ms, found 2 plugins.
Preloading 0 native plugins for Editor in 0.00 ms.
Mono: successfully reloaded assembly
- Completed reload, in  0.818 seconds
Platform modules already initialized, skipping
Switching build target platform(19) subTarget(0) extendedPlatform(0) -> platform(13) subTarget(537395200) extendedPlatform(0)
Refreshing native plugins compatible for Editor in 3.92 ms, found 2 plugins.
Preloading 0 native plugins for Editor in 0.00 ms.
Unloading 3567 Unused Serialized files (Serialized files now loaded: 0)
System memory in use before: 150.1 MB.
System memory in use after: 150.2 MB.

Unloading 18 unused Assets to reduce memory usage. Loaded Objects now: 4393.
Total: 2.610300 ms (FindLiveObjects: 0.250100 ms CreateObjectMapping: 0.100600 ms MarkObjects: 2.117500 ms  DeleteObjects: 0.141100 ms)

AssetImportParameters requested are different than current active one (requested -> active):
  custom:graphics/normal-map-encoding: 01000000000000000000000000000000 -> 02000000000000000000000000000000
========================================================================
Received Import Request.
  Time since last request: 619.640967 seconds.
  path: Assets/Scenes/Levels/LEVEL 3.unity
  artifactKey: Guid(9a7aea3864cf8fa49ab1442e76440a5a) Importer(815301076,1909f56bfc062723c751e8b465ee728b)
Start importing Assets/Scenes/Levels/LEVEL 3.unity using Guid(9a7aea3864cf8fa49ab1442e76440a5a) Importer(815301076,1909f56bfc062723c751e8b465ee728b)  -> (artifact id: '7d1c1dd84fa4a5f4aa40dc7e71cd096c') in 0.017619 seconds 
========================================================================
Received Import Request.
  Time since last request: 19.523727 seconds.
  path: Assets/Scenes/Levels/LEVEL 2.unity
  artifactKey: Guid(b093e2c3de4d9794da6fc273372cb863) Importer(815301076,1909f56bfc062723c751e8b465ee728b)
Start importing Assets/Scenes/Levels/LEVEL 2.unity using Guid(b093e2c3de4d9794da6fc273372cb863) Importer(815301076,1909f56bfc062723c751e8b465ee728b)  -> (artifact id: 'c8c0925a9fe30fd6d8277b5e2340d218') in 0.007424 seconds 
========================================================================
Received Prepare
Registering precompiled user dll's ...
Registered in 0.002097 seconds.
Begin MonoManager ReloadAssembly
Native extension for WindowsStandalone target not found
Refreshing native plugins compatible for Editor in 1.09 ms, found 2 plugins.
Preloading 0 native plugins for Editor in 0.00 ms.
Mono: successfully reloaded assembly
- Completed reload, in  0.848 seconds
Platform modules already initialized, skipping
Switching build target platform(19) subTarget(0) extendedPlatform(0) -> platform(13) subTarget(537395200) extendedPlatform(0)
Refreshing native plugins compatible for Editor in 1.02 ms, found 2 plugins.
Preloading 0 native plugins for Editor in 0.00 ms.
Unloading 3567 Unused Serialized files (Serialized files now loaded: 0)
System memory in use before: 150.1 MB.
System memory in use after: 150.3 MB.

Unloading 18 unused Assets to reduce memory usage. Loaded Objects now: 4397.
Total: 2.615800 ms (FindLiveObjects: 0.252200 ms CreateObjectMapping: 0.094200 ms MarkObjects: 2.120100 ms  DeleteObjects: 0.148400 ms)

AssetImportParameters requested are different than current active one (requested -> active):
  custom:graphics/normal-map-encoding: 01000000000000000000000000000000 -> 02000000000000000000000000000000
========================================================================
Received Prepare
Registering precompiled user dll's ...
Registered in 0.002004 seconds.
Begin MonoManager ReloadAssembly
Native extension for WindowsStandalone target not found
Refreshing native plugins compatible for Editor in 1.08 ms, found 2 plugins.
Preloading 0 native plugins for Editor in 0.00 ms.
Mono: successfully reloaded assembly
- Completed reload, in  0.852 seconds
Platform modules already initialized, skipping
Switching build target platform(19) subTarget(0) extendedPlatform(0) -> platform(13) subTarget(537395200) extendedPlatform(0)
Refreshing native plugins compatible for Editor in 1.09 ms, found 2 plugins.
Preloading 0 native plugins for Editor in 0.00 ms.
Unloading 3567 Unused Serialized files (Serialized files now loaded: 0)
System memory in use before: 150.2 MB.
System memory in use after: 150.3 MB.

Unloading 18 unused Assets to reduce memory usage. Loaded Objects now: 4401.
Total: 2.614700 ms (FindLiveObjects: 0.387300 ms CreateObjectMapping: 0.248100 ms MarkObjects: 1.859800 ms  DeleteObjects: 0.118500 ms)

AssetImportParameters requested are different than current active one (requested -> active):
  custom:graphics/normal-map-encoding: 01000000000000000000000000000000 -> 02000000000000000000000000000000
========================================================================
Received Prepare
Registering precompiled user dll's ...
Registered in 0.002413 seconds.
Begin MonoManager ReloadAssembly
Native extension for WindowsStandalone target not found
Refreshing native plugins compatible for Editor in 1.12 ms, found 2 plugins.
Preloading 0 native plugins for Editor in 0.00 ms.
Mono: successfully reloaded assembly
- Completed reload, in  0.867 seconds
Platform modules already initialized, skipping
Switching build target platform(19) subTarget(0) extendedPlatform(0) -> platform(13) subTarget(537395200) extendedPlatform(0)
Refreshing native plugins compatible for Editor in 1.08 ms, found 2 plugins.
Preloading 0 native plugins for Editor in 0.00 ms.
Unloading 3567 Unused Serialized files (Serialized files now loaded: 0)
System memory in use before: 150.2 MB.
System memory in use after: 150.3 MB.

Unloading 18 unused Assets to reduce memory usage. Loaded Objects now: 4405.
Total: 2.453100 ms (FindLiveObjects: 0.266000 ms CreateObjectMapping: 0.110600 ms MarkObjects: 1.947300 ms  DeleteObjects: 0.128000 ms)

AssetImportParameters requested are different than current active one (requested -> active):
  custom:graphics/normal-map-encoding: 01000000000000000000000000000000 -> 02000000000000000000000000000000
========================================================================
Received Prepare
Registering precompiled user dll's ...
Registered in 0.002182 seconds.
Begin MonoManager ReloadAssembly
Native extension for WindowsStandalone target not found
Refreshing native plugins compatible for Editor in 0.93 ms, found 2 plugins.
Preloading 0 native plugins for Editor in 0.00 ms.
Mono: successfully reloaded assembly
- Completed reload, in  0.963 seconds
Platform modules already initialized, skipping
Switching build target platform(19) subTarget(0) extendedPlatform(0) -> platform(13) subTarget(537395200) extendedPlatform(0)
Refreshing native plugins compatible for Editor in 1.66 ms, found 2 plugins.
Preloading 0 native plugins for Editor in 0.00 ms.
Unloading 3567 Unused Serialized files (Serialized files now loaded: 0)
System memory in use before: 150.2 MB.
System memory in use after: 150.3 MB.

Unloading 18 unused Assets to reduce memory usage. Loaded Objects now: 4409.
Total: 3.720900 ms (FindLiveObjects: 0.443400 ms CreateObjectMapping: 0.194600 ms MarkObjects: 2.965600 ms  DeleteObjects: 0.115100 ms)

AssetImportParameters requested are different than current active one (requested -> active):
  custom:graphics/normal-map-encoding: 01000000000000000000000000000000 -> 02000000000000000000000000000000
========================================================================
Received Prepare
Registering precompiled user dll's ...
Registered in 0.002019 seconds.
Begin MonoManager ReloadAssembly
Native extension for WindowsStandalone target not found
Refreshing native plugins compatible for Editor in 0.79 ms, found 2 plugins.
Preloading 0 native plugins for Editor in 0.00 ms.
Mono: successfully reloaded assembly
- Completed reload, in  0.785 seconds
Platform modules already initialized, skipping
Switching build target platform(19) subTarget(0) extendedPlatform(0) -> platform(13) subTarget(537395200) extendedPlatform(0)
Refreshing native plugins compatible for Editor in 0.89 ms, found 2 plugins.
Preloading 0 native plugins for Editor in 0.00 ms.
Unloading 3567 Unused Serialized files (Serialized files now loaded: 0)
System memory in use before: 150.2 MB.
System memory in use after: 150.4 MB.

Unloading 18 unused Assets to reduce memory usage. Loaded Objects now: 4413.
Total: 2.480600 ms (FindLiveObjects: 0.271200 ms CreateObjectMapping: 0.152500 ms MarkObjects: 1.906000 ms  DeleteObjects: 0.149800 ms)

AssetImportParameters requested are different than current active one (requested -> active):
  custom:graphics/normal-map-encoding: 01000000000000000000000000000000 -> 02000000000000000000000000000000
========================================================================
Received Prepare
Registering precompiled user dll's ...
Registered in 0.004590 seconds.
Begin MonoManager ReloadAssembly
Native extension for WindowsStandalone target not found
Refreshing native plugins compatible for Editor in 0.79 ms, found 2 plugins.
Preloading 0 native plugins for Editor in 0.00 ms.
Mono: successfully reloaded assembly
- Completed reload, in  0.834 seconds
Platform modules already initialized, skipping
Switching build target platform(19) subTarget(0) extendedPlatform(0) -> platform(13) subTarget(537395200) extendedPlatform(0)
Refreshing native plugins compatible for Editor in 0.78 ms, found 2 plugins.
Preloading 0 native plugins for Editor in 0.00 ms.
Unloading 3567 Unused Serialized files (Serialized files now loaded: 0)
System memory in use before: 150.3 MB.
System memory in use after: 150.4 MB.

Unloading 18 unused Assets to reduce memory usage. Loaded Objects now: 4417.
Total: 2.771500 ms (FindLiveObjects: 0.300900 ms CreateObjectMapping: 0.099600 ms MarkObjects: 2.202700 ms  DeleteObjects: 0.167100 ms)

AssetImportParameters requested are different than current active one (requested -> active):
  custom:graphics/normal-map-encoding: 01000000000000000000000000000000 -> 02000000000000000000000000000000
========================================================================
Received Prepare
Registering precompiled user dll's ...
Registered in 0.002211 seconds.
Begin MonoManager ReloadAssembly
Native extension for WindowsStandalone target not found
Refreshing native plugins compatible for Editor in 0.82 ms, found 2 plugins.
Preloading 0 native plugins for Editor in 0.00 ms.
Mono: successfully reloaded assembly
- Completed reload, in  0.810 seconds
Platform modules already initialized, skipping
Switching build target platform(19) subTarget(0) extendedPlatform(0) -> platform(13) subTarget(537395200) extendedPlatform(0)
Refreshing native plugins compatible for Editor in 0.85 ms, found 2 plugins.
Preloading 0 native plugins for Editor in 0.00 ms.
Unloading 3567 Unused Serialized files (Serialized files now loaded: 0)
System memory in use before: 150.3 MB.
System memory in use after: 150.4 MB.

Unloading 18 unused Assets to reduce memory usage. Loaded Objects now: 4421.
Total: 2.463000 ms (FindLiveObjects: 0.259300 ms CreateObjectMapping: 0.111600 ms MarkObjects: 1.929000 ms  DeleteObjects: 0.161600 ms)

AssetImportParameters requested are different than current active one (requested -> active):
  custom:graphics/normal-map-encoding: 01000000000000000000000000000000 -> 02000000000000000000000000000000
========================================================================
Received Prepare
Registering precompiled user dll's ...
Registered in 0.002114 seconds.
Begin MonoManager ReloadAssembly
Native extension for WindowsStandalone target not found
Refreshing native plugins compatible for Editor in 1.53 ms, found 2 plugins.
Preloading 0 native plugins for Editor in 0.00 ms.
Mono: successfully reloaded assembly
- Completed reload, in  1.063 seconds
Platform modules already initialized, skipping
Switching build target platform(19) subTarget(0) extendedPlatform(0) -> platform(13) subTarget(537395200) extendedPlatform(0)
Refreshing native plugins compatible for Editor in 0.99 ms, found 2 plugins.
Preloading 0 native plugins for Editor in 0.00 ms.
Unloading 3567 Unused Serialized files (Serialized files now loaded: 0)
System memory in use before: 150.3 MB.
System memory in use after: 150.4 MB.

Unloading 18 unused Assets to reduce memory usage. Loaded Objects now: 4425.
Total: 3.304200 ms (FindLiveObjects: 0.316000 ms CreateObjectMapping: 0.132600 ms MarkObjects: 2.710100 ms  DeleteObjects: 0.144000 ms)

AssetImportParameters requested are different than current active one (requested -> active):
  custom:graphics/normal-map-encoding: 01000000000000000000000000000000 -> 02000000000000000000000000000000
========================================================================
Received Prepare
Registering precompiled user dll's ...
Registered in 0.003477 seconds.
Begin MonoManager ReloadAssembly
Native extension for WindowsStandalone target not found
Refreshing native plugins compatible for Editor in 0.80 ms, found 2 plugins.
Preloading 0 native plugins for Editor in 0.00 ms.
Mono: successfully reloaded assembly
- Completed reload, in  0.807 seconds
Platform modules already initialized, skipping
Switching build target platform(19) subTarget(0) extendedPlatform(0) -> platform(13) subTarget(537395200) extendedPlatform(0)
Refreshing native plugins compatible for Editor in 1.50 ms, found 2 plugins.
Preloading 0 native plugins for Editor in 0.00 ms.
Unloading 3567 Unused Serialized files (Serialized files now loaded: 0)
System memory in use before: 150.3 MB.
System memory in use after: 150.4 MB.

Unloading 18 unused Assets to reduce memory usage. Loaded Objects now: 4429.
Total: 2.511400 ms (FindLiveObjects: 0.267400 ms CreateObjectMapping: 0.114200 ms MarkObjects: 2.033100 ms  DeleteObjects: 0.095200 ms)

AssetImportParameters requested are different than current active one (requested -> active):
  custom:graphics/normal-map-encoding: 01000000000000000000000000000000 -> 02000000000000000000000000000000
AssetImportWorkerClient::OnTransportError - code=2 error=End of file
