Using pre-set license
Built from '2021.1/staging' branch; Version is '2021.1.6f1 (c0fade0cc7e9) revision 12647134'; Using compiler version '192528614'; Build Type 'Release'
OS: 'Windows 10 Home Single Language; OS build 22000.856; Version 2009; 64bit' Language: 'en' Physical Memory: 7886 MB
BatchMode: 1, IsHumanControllingUs: 0, StartBugReporterOnCrash: 0, Is64bit: 1, IsPro: 0

 COMMAND LINE ARGUMENTS:
C:\Program Files\Unity 2021.1.6f1\Editor\Unity.exe
-adb2
-batchMode
-noUpm
-name
AssetImportWorker0
-projectPath
D:/Projects Drive Data/UNITY PROJECTS/Modern Mario
-logFile
Logs/AssetImportWorker0.log
-srvPort
57107
Successfully changed project path to: D:/Projects Drive Data/UNITY PROJECTS/Modern Mario
D:/Projects Drive Data/UNITY PROJECTS/Modern Mario
Using Asset Import Pipeline V2.
Refreshing native plugins compatible for Editor in 104.88 ms, found 2 plugins.
Preloading 0 native plugins for Editor in 0.00 ms.
Initialize engine version: 2021.1.6f1 (c0fade0cc7e9)
[Subsystems] Discovering subsystems at path C:/Program Files/Unity 2021.1.6f1/Editor/Data/Resources/UnitySubsystems
[Subsystems] Discovering subsystems at path D:/Projects Drive Data/UNITY PROJECTS/Modern Mario/Assets
GfxDevice: creating device client; threaded=0; jobified=0
Direct3D:
    Version:  Direct3D 11.0 [level 11.1]
    Renderer: Intel(R) Iris(R) Xe Graphics (ID=0x9a49)
    Vendor:   Intel
    VRAM:     3943 MB
    Driver:   27.20.100.9268
Initialize mono
Mono path[0] = 'C:/Program Files/Unity 2021.1.6f1/Editor/Data/Managed'
Mono path[1] = 'C:/Program Files/Unity 2021.1.6f1/Editor/Data/MonoBleedingEdge/lib/mono/unityjit'
Mono config path = 'C:/Program Files/Unity 2021.1.6f1/Editor/Data/MonoBleedingEdge/etc'
Using monoOptions --debugger-agent=transport=dt_socket,embedding=1,server=y,suspend=n,address=127.0.0.1:56760
Begin MonoManager ReloadAssembly
Registering precompiled unity dll's ...
Register platform support module: C:/Program Files/Unity 2021.1.6f1/Editor/Data/PlaybackEngines/WindowsStandaloneSupport/UnityEditor.WindowsStandalone.Extensions.dll
Registered in 0.000981 seconds.
Native extension for WindowsStandalone target not found
Refreshing native plugins compatible for Editor in 100.26 ms, found 2 plugins.
Preloading 0 native plugins for Editor in 0.00 ms.
Mono: successfully reloaded assembly
- Completed reload, in  1.679 seconds
Platform modules already initialized, skipping
Registering precompiled user dll's ...
Registered in 0.002090 seconds.
Begin MonoManager ReloadAssembly
Native extension for WindowsStandalone target not found
Refreshing native plugins compatible for Editor in 95.98 ms, found 2 plugins.
Preloading 0 native plugins for Editor in 0.00 ms.
Mono: successfully reloaded assembly
- Completed reload, in  0.876 seconds
Platform modules already initialized, skipping
========================================================================
Worker process is ready to serve import requests
Launched and connected shader compiler UnityShaderCompiler.exe after 0.03 seconds
Refreshing native plugins compatible for Editor in 1.25 ms, found 2 plugins.
Preloading 0 native plugins for Editor in 0.00 ms.
Unloading 3584 Unused Serialized files (Serialized files now loaded: 0)
System memory in use before: 137.0 MB.
System memory in use after: 137.1 MB.

Unloading 30 unused Assets to reduce memory usage. Loaded Objects now: 4036.
Total: 2.316100 ms (FindLiveObjects: 0.235700 ms CreateObjectMapping: 0.094000 ms MarkObjects: 1.866000 ms  DeleteObjects: 0.119100 ms)

========================================================================
Received Import Request.
  path: Assets/Scenes/Levels/LEVEL 3.unity
  artifactKey: Guid(9a7aea3864cf8fa49ab1442e76440a5a) Importer(815301076,1909f56bfc062723c751e8b465ee728b)
Start importing Assets/Scenes/Levels/LEVEL 3.unity using Guid(9a7aea3864cf8fa49ab1442e76440a5a) Importer(815301076,1909f56bfc062723c751e8b465ee728b)  -> (artifact id: 'fabc1878a60d9050979fef0c567b3d5b') in 0.018081 seconds 
========================================================================
Received Import Request.
  Time since last request: 20.761087 seconds.
  path: Assets/Scenes/Levels/LEVEL 3.unity
  artifactKey: Guid(9a7aea3864cf8fa49ab1442e76440a5a) Importer(815301076,1909f56bfc062723c751e8b465ee728b)
Start importing Assets/Scenes/Levels/LEVEL 3.unity using Guid(9a7aea3864cf8fa49ab1442e76440a5a) Importer(815301076,1909f56bfc062723c751e8b465ee728b)  -> (artifact id: '3919892c7a8e78839fa8e37d0df01112') in 0.002515 seconds 
========================================================================
Received Import Request.
  Time since last request: 1.463751 seconds.
  path: Assets/Scenes/Levels/LEVEL 4.unity
  artifactKey: Guid(72a3707adb6d5604baa5643b9476567c) Importer(815301076,1909f56bfc062723c751e8b465ee728b)
Start importing Assets/Scenes/Levels/LEVEL 4.unity using Guid(72a3707adb6d5604baa5643b9476567c) Importer(815301076,1909f56bfc062723c751e8b465ee728b)  -> (artifact id: '5e3f2024c3a86738f6a609fa9e6f2012') in 0.005948 seconds 
========================================================================
Received Import Request.
  Time since last request: 80.902370 seconds.
  path: Assets/Scenes/Levels/LEVEL 2.unity
  artifactKey: Guid(b093e2c3de4d9794da6fc273372cb863) Importer(815301076,1909f56bfc062723c751e8b465ee728b)
Start importing Assets/Scenes/Levels/LEVEL 2.unity using Guid(b093e2c3de4d9794da6fc273372cb863) Importer(815301076,1909f56bfc062723c751e8b465ee728b)  -> (artifact id: 'b0b7ba52dc8b7b142774d60ad75a8fa5') in 0.007962 seconds 
========================================================================
Received Import Request.
  Time since last request: 15.839412 seconds.
  path: Assets/Scenes/Levels/LEVEL 4.unity
  artifactKey: Guid(72a3707adb6d5604baa5643b9476567c) Importer(815301076,1909f56bfc062723c751e8b465ee728b)
Start importing Assets/Scenes/Levels/LEVEL 4.unity using Guid(72a3707adb6d5604baa5643b9476567c) Importer(815301076,1909f56bfc062723c751e8b465ee728b)  -> (artifact id: '42fa1b762491f24db2daeb33e1ac3960') in 0.002213 seconds 
========================================================================
Received Prepare
Registering precompiled user dll's ...
Registered in 0.002194 seconds.
Begin MonoManager ReloadAssembly
Native extension for WindowsStandalone target not found
Refreshing native plugins compatible for Editor in 0.77 ms, found 2 plugins.
Preloading 0 native plugins for Editor in 0.00 ms.
Mono: successfully reloaded assembly
- Completed reload, in  0.752 seconds
Platform modules already initialized, skipping
Switching build target platform(19) subTarget(0) extendedPlatform(0) -> platform(13) subTarget(537395200) extendedPlatform(0)
Refreshing native plugins compatible for Editor in 0.99 ms, found 2 plugins.
Preloading 0 native plugins for Editor in 0.00 ms.
Unloading 3567 Unused Serialized files (Serialized files now loaded: 0)
System memory in use before: 135.5 MB.
System memory in use after: 135.6 MB.

Unloading 18 unused Assets to reduce memory usage. Loaded Objects now: 4040.
Total: 2.233500 ms (FindLiveObjects: 0.227000 ms CreateObjectMapping: 0.099900 ms MarkObjects: 1.811400 ms  DeleteObjects: 0.094200 ms)

AssetImportParameters requested are different than current active one (requested -> active):
  custom:graphics/normal-map-encoding: 01000000000000000000000000000000 -> 02000000000000000000000000000000
========================================================================
Received Import Request.
  Time since last request: 551.220244 seconds.
  path: Assets/Scenes/Levels/LEVEL 5.unity
  artifactKey: Guid(765c79581cf6de04084567be19dea418) Importer(815301076,1909f56bfc062723c751e8b465ee728b)
Start importing Assets/Scenes/Levels/LEVEL 5.unity using Guid(765c79581cf6de04084567be19dea418) Importer(815301076,1909f56bfc062723c751e8b465ee728b)  -> (artifact id: '840c7f788c6db056c3ed6e6048aac476') in 0.019641 seconds 
========================================================================
Received Import Request.
  Time since last request: 2.593402 seconds.
  path: Assets/Scenes/Levels/LEVEL 3.unity
  artifactKey: Guid(9a7aea3864cf8fa49ab1442e76440a5a) Importer(815301076,1909f56bfc062723c751e8b465ee728b)
Start importing Assets/Scenes/Levels/LEVEL 3.unity using Guid(9a7aea3864cf8fa49ab1442e76440a5a) Importer(815301076,1909f56bfc062723c751e8b465ee728b)  -> (artifact id: '503790eded31897041396299dabf1056') in 0.007069 seconds 
AssetImportWorkerClient::OnTransportError - code=2 error=End of file
